--------------------------------------------------------------------------------
Release 14.7 Trace  (nt64)
Copyright (c) 1995-2013 Xilinx, Inc.  All rights reserved.

D:\Xilinx\14.7\ISE_DS\ISE\bin\nt64\unwrapped\trce.exe -intstyle ise -o
mojo_top_0.twr -v 30 -l 30 mojo_top_0_routed.ncd mojo_top_0.pcf

Design file:              mojo_top_0_routed.ncd
Physical constraint file: mojo_top_0.pcf
Device,package,speed:     xc6slx9,tqg144,C,-2 (PRODUCTION 1.23 2013-10-13)
Report level:             verbose report, limited to 30 items per constraint

Environment Variable      Effect 
--------------------      ------ 
NONE                      No environment variables were set
--------------------------------------------------------------------------------

INFO:Timing:2698 - No timing constraints found, doing default enumeration.
INFO:Timing:3412 - To improve timing, see the Timing Closure User Guide (UG612).
INFO:Timing:2752 - To get complete path coverage, use the unconstrained paths 
   option. All paths that are not constrained will be reported in the 
   unconstrained paths section(s) of the report.
INFO:Timing:3339 - The clock-to-out numbers in this timing report are based on 
   a 50 Ohm transmission line loading model.  For the details of this model, 
   and for more information on accounting for different loading conditions, 
   please see the device datasheet.



Data Sheet report:
-----------------
All values displayed in nanoseconds (ns)

Pad to Pad
---------------+---------------+---------+
Source Pad     |Destination Pad|  Delay  |
---------------+---------------+---------+
io_dip[0]      |led[0]         |    9.454|
io_dip[1]      |led[1]         |    9.924|
io_dip[2]      |led[2]         |   10.477|
io_dip[3]      |led[3]         |   10.210|
io_dip[4]      |led[4]         |   10.113|
io_dip[5]      |led[5]         |   10.346|
io_dip[6]      |led[6]         |   10.025|
io_dip[7]      |led[7]         |    9.684|
io_dip[8]      |led[0]         |   10.344|
io_dip[9]      |led[1]         |   10.178|
io_dip[10]     |led[2]         |   10.629|
io_dip[11]     |led[3]         |   10.600|
io_dip[12]     |led[4]         |   10.605|
io_dip[13]     |led[5]         |   10.555|
io_dip[14]     |led[6]         |   10.592|
io_dip[15]     |led[7]         |   10.339|
io_dip[16]     |led[0]         |   13.490|
io_dip[16]     |led[1]         |   13.433|
io_dip[16]     |led[2]         |   13.066|
io_dip[16]     |led[3]         |   13.052|
io_dip[16]     |led[4]         |   12.858|
io_dip[16]     |led[5]         |   12.655|
io_dip[16]     |led[6]         |   12.190|
io_dip[16]     |led[7]         |   12.630|
io_dip[17]     |led[0]         |   12.427|
io_dip[17]     |led[1]         |   12.744|
io_dip[17]     |led[2]         |   13.325|
io_dip[17]     |led[3]         |   13.154|
io_dip[17]     |led[4]         |   13.375|
io_dip[17]     |led[5]         |   13.346|
io_dip[17]     |led[6]         |   13.194|
io_dip[17]     |led[7]         |   13.423|
io_dip[18]     |led[0]         |   14.690|
io_dip[18]     |led[1]         |   14.555|
io_dip[18]     |led[2]         |   14.300|
io_dip[18]     |led[3]         |   14.563|
io_dip[18]     |led[4]         |   13.755|
io_dip[18]     |led[5]         |   13.486|
io_dip[18]     |led[6]         |   14.168|
io_dip[18]     |led[7]         |   13.975|
io_dip[19]     |led[0]         |   13.842|
io_dip[19]     |led[1]         |   14.433|
io_dip[19]     |led[2]         |   13.835|
io_dip[19]     |led[3]         |   14.248|
io_dip[19]     |led[4]         |   13.814|
io_dip[19]     |led[5]         |   13.442|
io_dip[19]     |led[6]         |   13.566|
io_dip[19]     |led[7]         |   13.829|
---------------+---------------+---------+


Analysis completed Sat Oct 15 22:29:06 2016 
--------------------------------------------------------------------------------

Trace Settings:
-------------------------
Trace Settings 

Peak Memory Usage: 221 MB



